#
# There is insufficient memory for the Java Runtime Environment to continue.
# Native memory allocation (mmap) failed to map 132120576 bytes for Failed to commit area from 0x0000000083000000 to 0x000000008ae00000 of length 132120576.
# Possible reasons:
#   The system is out of physical RAM or swap space
#   The process is running with CompressedOops enabled, and the Java Heap may be blocking the growth of the native heap
# Possible solutions:
#   Reduce memory load on the system
#   Increase physical memory or swap space
#   Check if swap backing store is full
#   Decrease Java heap size (-Xmx/-Xms)
#   Decrease number of Java threads
#   Decrease Java thread stack sizes (-Xss)
#   Set larger code cache with -XX:ReservedCodeCacheSize=
# This output file may be truncated or incomplete.
#
#  Out of Memory Error (./src/hotspot/os/windows/os_windows.cpp:3301), pid=18308, tid=17252
#
# JRE version:  (11.0.10+8) (build )
# Java VM: OpenJDK 64-Bit Server VM (11.0.10+8-b1145.96, mixed mode, sharing, tiered, compressed oops, g1 gc, windows-amd64)
# No core dump will be written. Minidumps are not enabled by default on client versions of Windows
#

---------------  S U M M A R Y ------------

Command Line: org.jetbrains.git4idea.http.GitAskPassApp Username for 'https://github.com': 

Host: Intel(R) Core(TM) i5-9300H CPU @ 2.40GHz, 8 cores, 7G,  Windows 10 , 64 bit Build 19041 (10.0.19041.1566)
Time: Fri Apr  8 21:53:26 2022 Eastern Daylight Time elapsed time: 0.023627 seconds (0d 0h 0m 0s)

---------------  T H R E A D  ---------------

Current thread (0x0000018ee9c5e800):  JavaThread "Unknown thread" [_thread_in_vm, id=17252, stack(0x000000547c100000,0x000000547c200000)]

Stack: [0x000000547c100000,0x000000547c200000]
Native frames: (J=compiled Java code, j=interpreted, Vv=VM code, C=native code)
V  [jvm.dll+0x5ece6a]
V  [jvm.dll+0x722cd5]
V  [jvm.dll+0x72422d]
V  [jvm.dll+0x7248e3]
V  [jvm.dll+0x2428d8]
V  [jvm.dll+0x5ea244]
V  [jvm.dll+0x5df2e5]
V  [jvm.dll+0x2fdddb]
V  [jvm.dll+0x2fdd4a]
V  [jvm.dll+0x2fdc22]
V  [jvm.dll+0x302b06]
V  [jvm.dll+0x34b033]
V  [jvm.dll+0x34b736]
V  [jvm.dll+0x34b133]
V  [jvm.dll+0x2d87d8]
V  [jvm.dll+0x2d9987]
V  [jvm.dll+0x701817]
V  [jvm.dll+0x70300c]
V  [jvm.dll+0x3585a9]
V  [jvm.dll+0x6e516e]
V  [jvm.dll+0x3c09e3]
V  [jvm.dll+0x3c2c71]
C  [jli.dll+0x5373]
C  [ucrtbase.dll+0x21bb2]
C  [KERNEL32.DLL+0x17034]
C  [ntdll.dll+0x52651]


---------------  P R O C E S S  ---------------

Threads class SMR info:
_java_thread_list=0x0000018ee7bc3b40, length=0, elements={
}

Java Threads: ( => current thread )

Other Threads:
  0x0000018ee9c76000 GCTaskThread "GC Thread#0" [stack: 0x000000547c200000,0x000000547c300000] [id=7104]
  0x0000018ee9ca5800 ConcurrentGCThread "G1 Main Marker" [stack: 0x000000547c300000,0x000000547c400000] [id=7956]
  0x0000018ee9ca7000 ConcurrentGCThread "G1 Conc#0" [stack: 0x000000547c400000,0x000000547c500000] [id=12328]

[error occurred during error reporting (printing all threads), id 0xc0000005, EXCEPTION_ACCESS_VIOLATION (0xc0000005) at pc=0x00007ffd84788db7]

VM state:not at safepoint (not fully initialized)

VM Mutex/Monitor currently owned by a thread:  ([mutex/lock_event])
[0x0000018ee9c5ab80] Heap_lock - owner thread: 0x0000018ee9c5e800

Heap address: 0x0000000083000000, size: 2000 MB, Compressed Oops mode: Non-zero based: 0x0000000083000000
Narrow klass base: 0x0000000000000000, Narrow klass shift: 0

GC Heap History (0 events):
No events

Deoptimization events (0 events):
No events

Classes redefined (0 events):
No events

Internal exceptions (0 events):
No events

Events (1 events):
Event: 0.017 Loaded shared library C:\Program Files\JetBrains\PyCharm 2020.3.2\jbr\bin\zip.dll


Dynamic libraries:
0x00007ff7f0980000 - 0x00007ff7f098a000 	C:\Program Files\JetBrains\PyCharm 2020.3.2\jbr\bin\java.exe
0x00007ffe14b70000 - 0x00007ffe14d65000 	C:\WINDOWS\SYSTEM32\ntdll.dll
0x00007ffe147a0000 - 0x00007ffe1485e000 	C:\WINDOWS\System32\KERNEL32.DLL
0x00007ffe12420000 - 0x00007ffe126e8000 	C:\WINDOWS\System32\KERNELBASE.dll
0x00007ffe12960000 - 0x00007ffe12a60000 	C:\WINDOWS\System32\ucrtbase.dll
0x00007ffd9fa10000 - 0x00007ffd9fa29000 	C:\Program Files\JetBrains\PyCharm 2020.3.2\jbr\bin\jli.dll
0x00007ffe14170000 - 0x00007ffe14310000 	C:\WINDOWS\System32\USER32.dll
0x00007ffe12b10000 - 0x00007ffe12b32000 	C:\WINDOWS\System32\win32u.dll
0x00007ffe14310000 - 0x00007ffe1433b000 	C:\WINDOWS\System32\GDI32.dll
0x00007ffdf3f80000 - 0x00007ffdf421a000 	C:\WINDOWS\WinSxS\amd64_microsoft.windows.common-controls_6595b64144ccf1df_6.0.19041.1110_none_60b5254171f9507e\COMCTL32.dll
0x00007ffd93750000 - 0x00007ffd93767000 	C:\Program Files\JetBrains\PyCharm 2020.3.2\jbr\bin\VCRUNTIME140.dll
0x00007ffe12850000 - 0x00007ffe1295b000 	C:\WINDOWS\System32\gdi32full.dll
0x00007ffe131e0000 - 0x00007ffe1327e000 	C:\WINDOWS\System32\msvcrt.dll
0x00007ffe12290000 - 0x00007ffe1232d000 	C:\WINDOWS\System32\msvcp_win.dll
0x00007ffe13540000 - 0x00007ffe13570000 	C:\WINDOWS\System32\IMM32.DLL
0x00007ffd92df0000 - 0x00007ffd92e8d000 	C:\Program Files\JetBrains\PyCharm 2020.3.2\jbr\bin\msvcp140.dll
0x00007ffd844a0000 - 0x00007ffd84f70000 	C:\Program Files\JetBrains\PyCharm 2020.3.2\jbr\bin\server\jvm.dll
0x00007ffe13d60000 - 0x00007ffe13e0e000 	C:\WINDOWS\System32\ADVAPI32.dll
0x00007ffe13290000 - 0x00007ffe1332c000 	C:\WINDOWS\System32\sechost.dll
0x00007ffe12bd0000 - 0x00007ffe12cf5000 	C:\WINDOWS\System32\RPCRT4.dll
0x00007ffe13280000 - 0x00007ffe13288000 	C:\WINDOWS\System32\PSAPI.DLL
0x00007ffe08890000 - 0x00007ffe0889a000 	C:\WINDOWS\SYSTEM32\VERSION.dll
0x00007ffdf99b0000 - 0x00007ffdf99d7000 	C:\WINDOWS\SYSTEM32\WINMM.dll
0x00007ffe079d0000 - 0x00007ffe079d9000 	C:\WINDOWS\SYSTEM32\WSOCK32.dll
0x00007ffe14a10000 - 0x00007ffe14a7b000 	C:\WINDOWS\System32\WS2_32.dll
0x00007ffe10b30000 - 0x00007ffe10b42000 	C:\WINDOWS\SYSTEM32\kernel.appcore.dll
0x00007ffe080d0000 - 0x00007ffe080e1000 	C:\Program Files\JetBrains\PyCharm 2020.3.2\jbr\bin\verify.dll
0x00007ffe0ff00000 - 0x00007ffe100e4000 	C:\WINDOWS\SYSTEM32\DBGHELP.DLL
0x00007ffe02d10000 - 0x00007ffe02d3c000 	C:\WINDOWS\SYSTEM32\dbgcore.DLL
0x00007ffe12b40000 - 0x00007ffe12bc2000 	C:\WINDOWS\System32\bcryptPrimitives.dll
0x00007ffdfcb40000 - 0x00007ffdfcb69000 	C:\Program Files\JetBrains\PyCharm 2020.3.2\jbr\bin\java.dll
0x00007ffe080c0000 - 0x00007ffe080cb000 	C:\Program Files\JetBrains\PyCharm 2020.3.2\jbr\bin\jimage.dll
0x00007ffe05870000 - 0x00007ffe05888000 	C:\Program Files\JetBrains\PyCharm 2020.3.2\jbr\bin\zip.dll

dbghelp: loaded successfully - version: 4.0.5 - missing functions: none
symbol engine: initialized successfully - sym options: 0x614 - pdb path: .;C:\Program Files\JetBrains\PyCharm 2020.3.2\jbr\bin;C:\WINDOWS\SYSTEM32;C:\WINDOWS\WinSxS\amd64_microsoft.windows.common-controls_6595b64144ccf1df_6.0.19041.1110_none_60b5254171f9507e;C:\Program Files\JetBrains\PyCharm 2020.3.2\jbr\bin\server

VM Arguments:
java_command: org.jetbrains.git4idea.http.GitAskPassApp Username for 'https://github.com': 
java_class_path (initial): C:/Program Files/JetBrains/PyCharm 2020.3.2/plugins/git4idea/lib/git4idea-rt.jar;C:/Program Files/JetBrains/PyCharm 2020.3.2/lib/xmlrpc-2.0.1.jar;C:/Program Files/JetBrains/PyCharm 2020.3.2/lib/commons-codec-1.14.jar
Launcher Type: SUN_STANDARD

[Global flags]
     intx CICompilerCount                          = 4                                         {product} {ergonomic}
     uint ConcGCThreads                            = 2                                         {product} {ergonomic}
     uint G1ConcRefinementThreads                  = 8                                         {product} {ergonomic}
   size_t G1HeapRegionSize                         = 1048576                                   {product} {ergonomic}
    uintx GCDrainStackTargetSize                   = 64                                        {product} {ergonomic}
   size_t InitialHeapSize                          = 132120576                                 {product} {ergonomic}
   size_t MarkStackSize                            = 4194304                                   {product} {ergonomic}
   size_t MaxHeapSize                              = 2097152000                                {product} {ergonomic}
   size_t MinHeapDeltaBytes                        = 1048576                                   {product} {ergonomic}
    uintx NonNMethodCodeHeapSize                   = 5836300                                {pd product} {ergonomic}
    uintx NonProfiledCodeHeapSize                  = 122910970                              {pd product} {ergonomic}
    uintx ProfiledCodeHeapSize                     = 122910970                              {pd product} {ergonomic}
    uintx ReservedCodeCacheSize                    = 251658240                              {pd product} {ergonomic}
     bool SegmentedCodeCache                       = true                                      {product} {ergonomic}
     bool UseCompressedClassPointers               = true                                 {lp64_product} {ergonomic}
     bool UseCompressedOops                        = true                                 {lp64_product} {ergonomic}
     bool UseG1GC                                  = true                                      {product} {ergonomic}
     bool UseLargePagesIndividualAllocation        = false                                  {pd product} {ergonomic}

Logging:
Log output configuration:
 #0: stdout all=warning uptime,level,tags
 #1: stderr all=off uptime,level,tags

Environment Variables:
PATH=C:/Program Files/Git/mingw64/libexec/git-core;C:/Program Files/Git/mingw64/libexec/git-core;C:\Program Files\Git\mingw64\bin;C:\Program Files\Git\usr\bin;C:\Users\Rhino\bin;C:\Windows\system32;C:\Windows;C:\Windows\System32\Wbem;C:\Windows\System32\WindowsPowerShell\v1.0\;C:\Windows\System32\OpenSSH\;C:\Program Files (x86)\NVIDIA Corporation\PhysX\Common;C:\Program Files\NVIDIA Corporation\NVIDIA NvDLISR;C:\WINDOWS\system32;C:\WINDOWS;C:\WINDOWS\System32\Wbem;C:\WINDOWS\System32\WindowsPowerShell\v1.0\;C:\WINDOWS\System32\OpenSSH\;C:\Program Files\Git\cmd;C:\Users\Rhino\AppData\Roaming\nvm;C:\Program Files\nodejs;C:\Program Files\PuTTY\;C:\Program Files\dotnet\;C:\Windows\system32;C:\Windows;C:\Windows\System32\Wbem;C:\Windows\System32\WindowsPowerShell\v1.0\;C:\Windows\System32\OpenSSH\;C:\Program Files (x86)\NVIDIA Corporation\PhysX\Common;C:\Program Files\NVIDIA Corporation\NVIDIA NvDLISR;C:\WINDOWS\system32;C:\WINDOWS;C:\WINDOWS\System32\Wbem;C:\WINDOWS\System32\WindowsPowerShell\v1.0\;C:\WINDOWS\System32\OpenSSH\;C:\Program Files\dotnet\;C:\Program Files\Git\cmd;C:\Users\Rhino\AppData\Roaming\nvm;C:\Program Files\nodejs;C:\Users\Rhino\AppData\Local\Microsoft\WindowsApps;C:\Users\Rhino\.dotnet\tools;C:\Users\Rhino\AppData\Local\Programs\Microsoft VS Code\bin;C:\Users\Rhino\AppData\Local\GitHubDesktop\bin;C:\Users\Rhino\AppData\Roaming\nvm;C:\Program Files\nodejs;C:\Users\Rhino\AppData\Local\Programs\Python\Python39\Scripts;C:\Program Files\heroku\bin;C:\Users\Rhino\Documents\heroku\bin;C:\Users\Rhino\.dotnet\tools
USERNAME=Rhino
DISPLAY=:0.0
LC_ALL=en_US.UTF-8
OS=Windows_NT
PROCESSOR_IDENTIFIER=Intel64 Family 6 Model 158 Stepping 10, GenuineIntel



---------------  S Y S T E M  ---------------

OS: Windows 10 , 64 bit Build 19041 (10.0.19041.1566)
OS uptime: 0 days 1:24 hours

CPU:total 8 (initial active 8) (4 cores per cpu, 2 threads per core) family 6 model 158 stepping 10 microcode 0xd6, cmov, cx8, fxsr, mmx, sse, sse2, sse3, ssse3, sse4.1, sse4.2, popcnt, avx, avx2, aes, clmul, erms, 3dnowpref, lzcnt, ht, tsc, tscinvbit, bmi1, bmi2, adx, fma

Memory: 4k page, system-wide physical 7999M (978M free)
TotalPageFile size 32575M (AvailPageFile size 13M)
current process WorkingSet (physical memory assigned to process): 10M, peak: 10M
current process commit charge ("private bytes"): 60M, peak: 185M

vm_info: OpenJDK 64-Bit Server VM (11.0.10+8-b1145.96) for windows-amd64 JRE (11.0.10+8-b1145.96), built on Feb 18 2021 01:38:16 by "" with MS VC++ 14.0 (VS2015)

END.
